Determining if the C compiler works failed with the following output:
Change Dir: /Users/pkentaur/CLionProjects/Cub3D/cmake-build-debug/CMakeFiles/CMakeTmp

Run Build Command(s):/usr/bin/make cmTC_341ba/fast && make: *** No rule to make target `cmTC_341ba/fast'.  Stop.



Determining if the C compiler works failed with the following output:
Change Dir: /Users/pkentaur/CLionProjects/Cub3D/cmake-build-debug/CMakeFiles/CMakeTmp

Run Build Command(s):/usr/bin/make cmTC_3fb2c/fast && /Applications/Xcode.app/Contents/Developer/usr/bin/make  -f CMakeFiles/cmTC_3fb2c.dir/build.make CMakeFiles/cmTC_3fb2c.dir/build
Building C object CMakeFiles/cmTC_3fb2c.dir/testCCompiler.c.o
/Applications/Xcode.app/Contents/Developer/Toolchains/XcodeDefault.xctoolchain/usr/bin/cc   -isysroot /Applications/Xcode.app/Contents/Developer/Platforms/MacOSX.platform/Developer/SDKs/MacOSX10.15.sdk -mmacosx-version-min=10.14   -o CMakeFiles/cmTC_3fb2c.dir/testCCompiler.c.o   -c /Users/pkentaur/CLionProjects/Cub3D/cmake-build-debug/CMakeFiles/CMakeTmp/testCCompiler.c
clang: error: no such file or directory: '/Users/pkentaur/CLionProjects/Cub3D/cmake-build-debug/CMakeFiles/CMakeTmp/testCCompiler.c'
clang: error: no input files
make[1]: *** [CMakeFiles/cmTC_3fb2c.dir/testCCompiler.c.o] Error 1
make: *** [cmTC_3fb2c/fast] Error 2



